
==========================================================================
floorplan final report_tns
--------------------------------------------------------------------------
tns max 0.00

==========================================================================
floorplan final report_wns
--------------------------------------------------------------------------
wns max 0.00

==========================================================================
floorplan final report_worst_slack
--------------------------------------------------------------------------
worst slack max 2.83

==========================================================================
floorplan final report_clock_min_period
--------------------------------------------------------------------------
clk period_min = 7.17 fmax = 139.56

==========================================================================
floorplan final report_checks -path_delay min
--------------------------------------------------------------------------
Startpoint: C00[0]$_SDFF_PP0_ (rising edge-triggered flip-flop clocked by clk)
Endpoint: C00[0] (output port clocked by clk)
Path Group: clk
Path Type: min

Fanout     Cap    Slew   Delay    Time   Description
-----------------------------------------------------------------------------
                  0.00    0.00    0.00   clock clk (rise edge)
                          0.00    0.00   clock network delay (ideal)
                  0.00    0.00    0.00 ^ C00[0]$_SDFF_PP0_/CLK (sky130_fd_sc_hd__dfxtp_1)
     1    0.00    0.01    0.26    0.26 v C00[0]$_SDFF_PP0_/Q (sky130_fd_sc_hd__dfxtp_1)
                                         C00[0] (net)
                  0.01    0.00    0.26 v C00[0] (out)
                                  0.26   data arrival time

                  0.00    0.00    0.00   clock clk (rise edge)
                          0.00    0.00   clock network delay (ideal)
                          0.00    0.00   clock reconvergence pessimism
                         -1.00   -1.00   output external delay
                                 -1.00   data required time
-----------------------------------------------------------------------------
                                 -1.00   data required time
                                 -0.26   data arrival time
-----------------------------------------------------------------------------
                                  1.26   slack (MET)



==========================================================================
floorplan final report_checks -path_delay max
--------------------------------------------------------------------------
Startpoint: B00[5] (input port clocked by clk)
Endpoint: C00[18]$_SDFF_PP0_ (rising edge-triggered flip-flop clocked by clk)
Path Group: clk
Path Type: max

Fanout     Cap    Slew   Delay    Time   Description
-----------------------------------------------------------------------------
                  0.00    0.00    0.00   clock clk (rise edge)
                          0.00    0.00   clock network delay (ideal)
                          1.00    1.00 v input external delay
     5    0.01    0.00    0.00    1.00 v B00[5] (in)
                                         B00[5] (net)
                  0.00    0.00    1.00 v _19664_/A (sky130_fd_sc_hd__clkbuf_1)
    10    0.01    0.09    0.12    1.12 v _19664_/X (sky130_fd_sc_hd__clkbuf_1)
                                         _06648_ (net)
                  0.09    0.00    1.12 v _20291_/B (sky130_fd_sc_hd__and2_1)
     1    0.01    0.05    0.19    1.31 v _20291_/X (sky130_fd_sc_hd__and2_1)
                                         _01453_ (net)
                  0.05    0.00    1.31 v _25943_/A (sky130_fd_sc_hd__fa_1)
     1    0.01    0.10    0.50    1.81 v _25943_/SUM (sky130_fd_sc_hd__fa_1)
                                         _12033_ (net)
                  0.10    0.00    1.81 v _25713_/A (sky130_fd_sc_hd__fa_1)
     1    0.01    0.10    0.51    2.32 v _25713_/SUM (sky130_fd_sc_hd__fa_1)
                                         _12037_ (net)
                  0.10    0.00    2.32 v _25948_/A (sky130_fd_sc_hd__fa_1)
     1    0.01    0.08    0.57    2.89 ^ _25948_/SUM (sky130_fd_sc_hd__fa_1)
                                         _12624_ (net)
                  0.08    0.00    2.89 ^ _25936_/B (sky130_fd_sc_hd__fa_1)
     1    0.01    0.10    0.44    3.33 v _25936_/SUM (sky130_fd_sc_hd__fa_1)
                                         _12625_ (net)
                  0.10    0.00    3.33 v _27325_/A (sky130_fd_sc_hd__fa_1)
     1    0.01    0.10    0.51    3.84 v _27325_/SUM (sky130_fd_sc_hd__fa_1)
                                         _11487_ (net)
                  0.10    0.00    3.84 v _25538_/A (sky130_fd_sc_hd__fa_1)
     1    0.01    0.08    0.57    4.41 ^ _25538_/SUM (sky130_fd_sc_hd__fa_1)
                                         _11323_ (net)
                  0.08    0.00    4.41 ^ _25466_/B (sky130_fd_sc_hd__fa_1)
     1    0.01    0.09    0.44    4.85 v _25466_/SUM (sky130_fd_sc_hd__fa_1)
                                         _11326_ (net)
                  0.09    0.00    4.85 v _25510_/B (sky130_fd_sc_hd__fa_1)
     1    0.00    0.08    0.46    5.31 v _25510_/SUM (sky130_fd_sc_hd__fa_1)
                                         _11422_ (net)
                  0.08    0.00    5.31 v _28320_/A (sky130_fd_sc_hd__ha_1)
     5    0.01    0.10    0.36    5.66 v _28320_/SUM (sky130_fd_sc_hd__ha_1)
                                         _03344_ (net)
                  0.10    0.00    5.66 v _23279_/A1 (sky130_fd_sc_hd__a21o_1)
     2    0.00    0.04    0.18    5.84 v _23279_/X (sky130_fd_sc_hd__a21o_1)
                                         _05540_ (net)
                  0.04    0.00    5.84 v _23280_/A2 (sky130_fd_sc_hd__a21oi_1)
     1    0.00    0.10    0.13    5.97 ^ _23280_/Y (sky130_fd_sc_hd__a21oi_1)
                                         _05541_ (net)
                  0.10    0.00    5.97 ^ _23283_/A1 (sky130_fd_sc_hd__o21ai_1)
     2    0.00    0.07    0.09    6.06 v _23283_/Y (sky130_fd_sc_hd__o21ai_1)
                                         _05544_ (net)
                  0.07    0.00    6.06 v _23285_/B1 (sky130_fd_sc_hd__a221o_1)
     2    0.00    0.06    0.30    6.36 v _23285_/X (sky130_fd_sc_hd__a221o_1)
                                         _05546_ (net)
                  0.06    0.00    6.36 v _23303_/B1_N (sky130_fd_sc_hd__o21bai_1)
     2    0.01    0.08    0.18    6.54 v _23303_/Y (sky130_fd_sc_hd__o21bai_1)
                                         _05563_ (net)
                  0.08    0.00    6.54 v _23958_/A3 (sky130_fd_sc_hd__a31oi_1)
     1    0.00    0.14    0.18    6.72 ^ _23958_/Y (sky130_fd_sc_hd__a31oi_1)
                                         _06083_ (net)
                  0.14    0.00    6.72 ^ _23959_/S (sky130_fd_sc_hd__mux2_1)
     1    0.00    0.05    0.32    7.04 v _23959_/X (sky130_fd_sc_hd__mux2_1)
                                         _04969_ (net)
                  0.05    0.00    7.04 v C00[18]$_SDFF_PP0_/D (sky130_fd_sc_hd__dfxtp_1)
                                  7.04   data arrival time

                  0.00   10.00   10.00   clock clk (rise edge)
                          0.00   10.00   clock network delay (ideal)
                          0.00   10.00   clock reconvergence pessimism
                                 10.00 ^ C00[18]$_SDFF_PP0_/CLK (sky130_fd_sc_hd__dfxtp_1)
                         -0.12    9.88   library setup time
                                  9.88   data required time
-----------------------------------------------------------------------------
                                  9.88   data required time
                                 -7.04   data arrival time
-----------------------------------------------------------------------------
                                  2.83   slack (MET)



==========================================================================
floorplan final report_checks -unconstrained
--------------------------------------------------------------------------
Startpoint: B00[5] (input port clocked by clk)
Endpoint: C00[18]$_SDFF_PP0_ (rising edge-triggered flip-flop clocked by clk)
Path Group: clk
Path Type: max

Fanout     Cap    Slew   Delay    Time   Description
-----------------------------------------------------------------------------
                  0.00    0.00    0.00   clock clk (rise edge)
                          0.00    0.00   clock network delay (ideal)
                          1.00    1.00 v input external delay
     5    0.01    0.00    0.00    1.00 v B00[5] (in)
                                         B00[5] (net)
                  0.00    0.00    1.00 v _19664_/A (sky130_fd_sc_hd__clkbuf_1)
    10    0.01    0.09    0.12    1.12 v _19664_/X (sky130_fd_sc_hd__clkbuf_1)
                                         _06648_ (net)
                  0.09    0.00    1.12 v _20291_/B (sky130_fd_sc_hd__and2_1)
     1    0.01    0.05    0.19    1.31 v _20291_/X (sky130_fd_sc_hd__and2_1)
                                         _01453_ (net)
                  0.05    0.00    1.31 v _25943_/A (sky130_fd_sc_hd__fa_1)
     1    0.01    0.10    0.50    1.81 v _25943_/SUM (sky130_fd_sc_hd__fa_1)
                                         _12033_ (net)
                  0.10    0.00    1.81 v _25713_/A (sky130_fd_sc_hd__fa_1)
     1    0.01    0.10    0.51    2.32 v _25713_/SUM (sky130_fd_sc_hd__fa_1)
                                         _12037_ (net)
                  0.10    0.00    2.32 v _25948_/A (sky130_fd_sc_hd__fa_1)
     1    0.01    0.08    0.57    2.89 ^ _25948_/SUM (sky130_fd_sc_hd__fa_1)
                                         _12624_ (net)
                  0.08    0.00    2.89 ^ _25936_/B (sky130_fd_sc_hd__fa_1)
     1    0.01    0.10    0.44    3.33 v _25936_/SUM (sky130_fd_sc_hd__fa_1)
                                         _12625_ (net)
                  0.10    0.00    3.33 v _27325_/A (sky130_fd_sc_hd__fa_1)
     1    0.01    0.10    0.51    3.84 v _27325_/SUM (sky130_fd_sc_hd__fa_1)
                                         _11487_ (net)
                  0.10    0.00    3.84 v _25538_/A (sky130_fd_sc_hd__fa_1)
     1    0.01    0.08    0.57    4.41 ^ _25538_/SUM (sky130_fd_sc_hd__fa_1)
                                         _11323_ (net)
                  0.08    0.00    4.41 ^ _25466_/B (sky130_fd_sc_hd__fa_1)
     1    0.01    0.09    0.44    4.85 v _25466_/SUM (sky130_fd_sc_hd__fa_1)
                                         _11326_ (net)
                  0.09    0.00    4.85 v _25510_/B (sky130_fd_sc_hd__fa_1)
     1    0.00    0.08    0.46    5.31 v _25510_/SUM (sky130_fd_sc_hd__fa_1)
                                         _11422_ (net)
                  0.08    0.00    5.31 v _28320_/A (sky130_fd_sc_hd__ha_1)
     5    0.01    0.10    0.36    5.66 v _28320_/SUM (sky130_fd_sc_hd__ha_1)
                                         _03344_ (net)
                  0.10    0.00    5.66 v _23279_/A1 (sky130_fd_sc_hd__a21o_1)
     2    0.00    0.04    0.18    5.84 v _23279_/X (sky130_fd_sc_hd__a21o_1)
                                         _05540_ (net)
                  0.04    0.00    5.84 v _23280_/A2 (sky130_fd_sc_hd__a21oi_1)
     1    0.00    0.10    0.13    5.97 ^ _23280_/Y (sky130_fd_sc_hd__a21oi_1)
                                         _05541_ (net)
                  0.10    0.00    5.97 ^ _23283_/A1 (sky130_fd_sc_hd__o21ai_1)
     2    0.00    0.07    0.09    6.06 v _23283_/Y (sky130_fd_sc_hd__o21ai_1)
                                         _05544_ (net)
                  0.07    0.00    6.06 v _23285_/B1 (sky130_fd_sc_hd__a221o_1)
     2    0.00    0.06    0.30    6.36 v _23285_/X (sky130_fd_sc_hd__a221o_1)
                                         _05546_ (net)
                  0.06    0.00    6.36 v _23303_/B1_N (sky130_fd_sc_hd__o21bai_1)
     2    0.01    0.08    0.18    6.54 v _23303_/Y (sky130_fd_sc_hd__o21bai_1)
                                         _05563_ (net)
                  0.08    0.00    6.54 v _23958_/A3 (sky130_fd_sc_hd__a31oi_1)
     1    0.00    0.14    0.18    6.72 ^ _23958_/Y (sky130_fd_sc_hd__a31oi_1)
                                         _06083_ (net)
                  0.14    0.00    6.72 ^ _23959_/S (sky130_fd_sc_hd__mux2_1)
     1    0.00    0.05    0.32    7.04 v _23959_/X (sky130_fd_sc_hd__mux2_1)
                                         _04969_ (net)
                  0.05    0.00    7.04 v C00[18]$_SDFF_PP0_/D (sky130_fd_sc_hd__dfxtp_1)
                                  7.04   data arrival time

                  0.00   10.00   10.00   clock clk (rise edge)
                          0.00   10.00   clock network delay (ideal)
                          0.00   10.00   clock reconvergence pessimism
                                 10.00 ^ C00[18]$_SDFF_PP0_/CLK (sky130_fd_sc_hd__dfxtp_1)
                         -0.12    9.88   library setup time
                                  9.88   data required time
-----------------------------------------------------------------------------
                                  9.88   data required time
                                 -7.04   data arrival time
-----------------------------------------------------------------------------
                                  2.83   slack (MET)



==========================================================================
floorplan final report_power
--------------------------------------------------------------------------
Group                  Internal  Switching    Leakage      Total
                          Power      Power      Power      Power (Watts)
----------------------------------------------------------------
Sequential             2.67e-03   0.00e+00   2.52e-09   2.67e-03   3.0%
Combinational          4.45e-02   4.24e-02   6.74e-08   8.69e-02  97.0%
Clock                  0.00e+00   0.00e+00   0.00e+00   0.00e+00   0.0%
Macro                  0.00e+00   0.00e+00   0.00e+00   0.00e+00   0.0%
Pad                    0.00e+00   0.00e+00   0.00e+00   0.00e+00   0.0%
----------------------------------------------------------------
Total                  4.71e-02   4.24e-02   7.00e-08   8.96e-02 100.0%
                          52.6%      47.4%       0.0%
