
==========================================================================
global place report_tns
--------------------------------------------------------------------------
tns max 0.00

==========================================================================
global place report_wns
--------------------------------------------------------------------------
wns max 0.00

==========================================================================
global place report_worst_slack
--------------------------------------------------------------------------
worst slack max 1.22

==========================================================================
global place report_clock_min_period
--------------------------------------------------------------------------
clk period_min = 8.78 fmax = 113.84

==========================================================================
global place report_checks -path_delay min
--------------------------------------------------------------------------
Startpoint: rst (input port clocked by clk)
Endpoint: C32[18]$_SDFF_PP0_ (rising edge-triggered flip-flop clocked by clk)
Path Group: clk
Path Type: min

Fanout     Cap    Slew   Delay    Time   Description
-----------------------------------------------------------------------------
                  0.00    0.00    0.00   clock clk (rise edge)
                          0.00    0.00   clock network delay (ideal)
                          1.00    1.00 v input external delay
     1    0.01    0.00    0.00    1.00 v rst (in)
                                         rst (net)
                  0.00    0.00    1.00 v input273/A (sky130_fd_sc_hd__buf_8)
    46    0.26    0.18    0.20    1.20 v input273/X (sky130_fd_sc_hd__buf_8)
                                         net272 (net)
                  0.18    0.02    1.22 v _23932_/A (sky130_fd_sc_hd__nor2_1)
     1    0.00    0.07    0.14    1.36 ^ _23932_/Y (sky130_fd_sc_hd__nor2_1)
                                         _04965_ (net)
                  0.07    0.00    1.36 ^ C32[18]$_SDFF_PP0_/D (sky130_fd_sc_hd__dfxtp_1)
                                  1.36   data arrival time

                  0.00    0.00    0.00   clock clk (rise edge)
                          0.00    0.00   clock network delay (ideal)
                          0.00    0.00   clock reconvergence pessimism
                                  0.00 ^ C32[18]$_SDFF_PP0_/CLK (sky130_fd_sc_hd__dfxtp_1)
                         -0.04   -0.04   library hold time
                                 -0.04   data required time
-----------------------------------------------------------------------------
                                 -0.04   data required time
                                 -1.36   data arrival time
-----------------------------------------------------------------------------
                                  1.40   slack (MET)



==========================================================================
global place report_checks -path_delay max
--------------------------------------------------------------------------
Startpoint: A01[5] (input port clocked by clk)
Endpoint: C01[17]$_SDFF_PP0_ (rising edge-triggered flip-flop clocked by clk)
Path Group: clk
Path Type: max

Fanout     Cap    Slew   Delay    Time   Description
-----------------------------------------------------------------------------
                  0.00    0.00    0.00   clock clk (rise edge)
                          0.00    0.00   clock network delay (ideal)
                          1.00    1.00 v input external delay
     1    0.03    0.00    0.00    1.00 v A01[5] (in)
                                         A01[5] (net)
                  0.00    0.00    1.00 v input30/A (sky130_fd_sc_hd__clkdlybuf4s50_1)
    15    0.10    0.76    0.95    1.95 v input30/X (sky130_fd_sc_hd__clkdlybuf4s50_1)
                                         net29 (net)
                  0.76    0.01    1.96 v place980/A (sky130_fd_sc_hd__buf_4)
     7    0.03    0.07    0.42    2.38 v place980/X (sky130_fd_sc_hd__buf_4)
                                         net979 (net)
                  0.07    0.00    2.38 v place979/A (sky130_fd_sc_hd__buf_4)
    12    0.05    0.07    0.19    2.57 v place979/X (sky130_fd_sc_hd__buf_4)
                                         net978 (net)
                  0.08    0.01    2.58 v _18139_/A (sky130_fd_sc_hd__and2_1)
     1    0.01    0.05    0.17    2.74 v _18139_/X (sky130_fd_sc_hd__and2_1)
                                         _00271_ (net)
                  0.05    0.00    2.74 v _24415_/A (sky130_fd_sc_hd__fa_1)
     1    0.01    0.10    0.51    3.25 v _24415_/SUM (sky130_fd_sc_hd__fa_1)
                                         _08212_ (net)
                  0.10    0.00    3.25 v _25492_/A (sky130_fd_sc_hd__fa_1)
     1    0.01    0.09    0.58    3.83 ^ _25492_/SUM (sky130_fd_sc_hd__fa_1)
                                         _11383_ (net)
                  0.09    0.00    3.83 ^ _26964_/B (sky130_fd_sc_hd__fa_1)
     1    0.01    0.10    0.45    4.28 v _26964_/SUM (sky130_fd_sc_hd__fa_1)
                                         _13423_ (net)
                  0.10    0.00    4.28 v _26215_/B (sky130_fd_sc_hd__fa_1)
     1    0.01    0.11    0.52    4.80 v _26215_/SUM (sky130_fd_sc_hd__fa_1)
                                         _13425_ (net)
                  0.11    0.00    4.80 v _26743_/B (sky130_fd_sc_hd__fa_1)
     1    0.01    0.14    0.59    5.39 ^ _26743_/SUM (sky130_fd_sc_hd__fa_1)
                                         _14764_ (net)
                  0.14    0.00    5.39 ^ _27517_/B (sky130_fd_sc_hd__fa_1)
     1    0.01    0.10    0.46    5.85 v _27517_/SUM (sky130_fd_sc_hd__fa_1)
                                         _16146_ (net)
                  0.10    0.00    5.85 v _27602_/B (sky130_fd_sc_hd__fa_1)
     1    0.01    0.11    0.56    6.41 ^ _27602_/SUM (sky130_fd_sc_hd__fa_1)
                                         _16228_ (net)
                  0.11    0.00    6.42 ^ _27595_/B (sky130_fd_sc_hd__fa_1)
     1    0.01    0.09    0.44    6.86 v _27595_/SUM (sky130_fd_sc_hd__fa_1)
                                         _16230_ (net)
                  0.09    0.00    6.86 v _28383_/A (sky130_fd_sc_hd__ha_1)
     4    0.01    0.10    0.36    7.22 v _28383_/SUM (sky130_fd_sc_hd__ha_1)
                                         _03456_ (net)
                  0.10    0.00    7.22 v _23649_/A1 (sky130_fd_sc_hd__a21oi_1)
     4    0.01    0.24    0.24    7.46 ^ _23649_/Y (sky130_fd_sc_hd__a21oi_1)
                                         _05838_ (net)
                  0.24    0.00    7.46 ^ _23651_/B1 (sky130_fd_sc_hd__o211ai_1)
     3    0.01    0.15    0.20    7.66 v _23651_/Y (sky130_fd_sc_hd__o211ai_1)
                                         _05840_ (net)
                  0.15    0.00    7.66 v _23653_/A1 (sky130_fd_sc_hd__a2111oi_2)
     2    0.01    0.34    0.39    8.05 ^ _23653_/Y (sky130_fd_sc_hd__a2111oi_2)
                                         _05842_ (net)
                  0.34    0.00    8.05 ^ _23659_/A1 (sky130_fd_sc_hd__o31ai_1)
     2    0.01    0.11    0.17    8.22 v _23659_/Y (sky130_fd_sc_hd__o31ai_1)
                                         _05848_ (net)
                  0.11    0.00    8.22 v _23662_/A2 (sky130_fd_sc_hd__a21oi_1)
     1    0.01    0.16    0.20    8.42 ^ _23662_/Y (sky130_fd_sc_hd__a21oi_1)
                                         _05851_ (net)
                  0.16    0.00    8.42 ^ _23663_/B (sky130_fd_sc_hd__xor2_1)
     1    0.00    0.12    0.16    8.59 ^ _23663_/X (sky130_fd_sc_hd__xor2_1)
                                         _05852_ (net)
                  0.12    0.00    8.59 ^ _23664_/B (sky130_fd_sc_hd__nor2_1)
     1    0.00    0.10    0.05    8.64 v _23664_/Y (sky130_fd_sc_hd__nor2_1)
                                         _04906_ (net)
                  0.10    0.00    8.64 v C01[17]$_SDFF_PP0_/D (sky130_fd_sc_hd__dfxtp_1)
                                  8.64   data arrival time

                  0.00   10.00   10.00   clock clk (rise edge)
                          0.00   10.00   clock network delay (ideal)
                          0.00   10.00   clock reconvergence pessimism
                                 10.00 ^ C01[17]$_SDFF_PP0_/CLK (sky130_fd_sc_hd__dfxtp_1)
                         -0.15    9.85   library setup time
                                  9.85   data required time
-----------------------------------------------------------------------------
                                  9.85   data required time
                                 -8.64   data arrival time
-----------------------------------------------------------------------------
                                  1.22   slack (MET)



==========================================================================
global place report_checks -unconstrained
--------------------------------------------------------------------------
Startpoint: A01[5] (input port clocked by clk)
Endpoint: C01[17]$_SDFF_PP0_ (rising edge-triggered flip-flop clocked by clk)
Path Group: clk
Path Type: max

Fanout     Cap    Slew   Delay    Time   Description
-----------------------------------------------------------------------------
                  0.00    0.00    0.00   clock clk (rise edge)
                          0.00    0.00   clock network delay (ideal)
                          1.00    1.00 v input external delay
     1    0.03    0.00    0.00    1.00 v A01[5] (in)
                                         A01[5] (net)
                  0.00    0.00    1.00 v input30/A (sky130_fd_sc_hd__clkdlybuf4s50_1)
    15    0.10    0.76    0.95    1.95 v input30/X (sky130_fd_sc_hd__clkdlybuf4s50_1)
                                         net29 (net)
                  0.76    0.01    1.96 v place980/A (sky130_fd_sc_hd__buf_4)
     7    0.03    0.07    0.42    2.38 v place980/X (sky130_fd_sc_hd__buf_4)
                                         net979 (net)
                  0.07    0.00    2.38 v place979/A (sky130_fd_sc_hd__buf_4)
    12    0.05    0.07    0.19    2.57 v place979/X (sky130_fd_sc_hd__buf_4)
                                         net978 (net)
                  0.08    0.01    2.58 v _18139_/A (sky130_fd_sc_hd__and2_1)
     1    0.01    0.05    0.17    2.74 v _18139_/X (sky130_fd_sc_hd__and2_1)
                                         _00271_ (net)
                  0.05    0.00    2.74 v _24415_/A (sky130_fd_sc_hd__fa_1)
     1    0.01    0.10    0.51    3.25 v _24415_/SUM (sky130_fd_sc_hd__fa_1)
                                         _08212_ (net)
                  0.10    0.00    3.25 v _25492_/A (sky130_fd_sc_hd__fa_1)
     1    0.01    0.09    0.58    3.83 ^ _25492_/SUM (sky130_fd_sc_hd__fa_1)
                                         _11383_ (net)
                  0.09    0.00    3.83 ^ _26964_/B (sky130_fd_sc_hd__fa_1)
     1    0.01    0.10    0.45    4.28 v _26964_/SUM (sky130_fd_sc_hd__fa_1)
                                         _13423_ (net)
                  0.10    0.00    4.28 v _26215_/B (sky130_fd_sc_hd__fa_1)
     1    0.01    0.11    0.52    4.80 v _26215_/SUM (sky130_fd_sc_hd__fa_1)
                                         _13425_ (net)
                  0.11    0.00    4.80 v _26743_/B (sky130_fd_sc_hd__fa_1)
     1    0.01    0.14    0.59    5.39 ^ _26743_/SUM (sky130_fd_sc_hd__fa_1)
                                         _14764_ (net)
                  0.14    0.00    5.39 ^ _27517_/B (sky130_fd_sc_hd__fa_1)
     1    0.01    0.10    0.46    5.85 v _27517_/SUM (sky130_fd_sc_hd__fa_1)
                                         _16146_ (net)
                  0.10    0.00    5.85 v _27602_/B (sky130_fd_sc_hd__fa_1)
     1    0.01    0.11    0.56    6.41 ^ _27602_/SUM (sky130_fd_sc_hd__fa_1)
                                         _16228_ (net)
                  0.11    0.00    6.42 ^ _27595_/B (sky130_fd_sc_hd__fa_1)
     1    0.01    0.09    0.44    6.86 v _27595_/SUM (sky130_fd_sc_hd__fa_1)
                                         _16230_ (net)
                  0.09    0.00    6.86 v _28383_/A (sky130_fd_sc_hd__ha_1)
     4    0.01    0.10    0.36    7.22 v _28383_/SUM (sky130_fd_sc_hd__ha_1)
                                         _03456_ (net)
                  0.10    0.00    7.22 v _23649_/A1 (sky130_fd_sc_hd__a21oi_1)
     4    0.01    0.24    0.24    7.46 ^ _23649_/Y (sky130_fd_sc_hd__a21oi_1)
                                         _05838_ (net)
                  0.24    0.00    7.46 ^ _23651_/B1 (sky130_fd_sc_hd__o211ai_1)
     3    0.01    0.15    0.20    7.66 v _23651_/Y (sky130_fd_sc_hd__o211ai_1)
                                         _05840_ (net)
                  0.15    0.00    7.66 v _23653_/A1 (sky130_fd_sc_hd__a2111oi_2)
     2    0.01    0.34    0.39    8.05 ^ _23653_/Y (sky130_fd_sc_hd__a2111oi_2)
                                         _05842_ (net)
                  0.34    0.00    8.05 ^ _23659_/A1 (sky130_fd_sc_hd__o31ai_1)
     2    0.01    0.11    0.17    8.22 v _23659_/Y (sky130_fd_sc_hd__o31ai_1)
                                         _05848_ (net)
                  0.11    0.00    8.22 v _23662_/A2 (sky130_fd_sc_hd__a21oi_1)
     1    0.01    0.16    0.20    8.42 ^ _23662_/Y (sky130_fd_sc_hd__a21oi_1)
                                         _05851_ (net)
                  0.16    0.00    8.42 ^ _23663_/B (sky130_fd_sc_hd__xor2_1)
     1    0.00    0.12    0.16    8.59 ^ _23663_/X (sky130_fd_sc_hd__xor2_1)
                                         _05852_ (net)
                  0.12    0.00    8.59 ^ _23664_/B (sky130_fd_sc_hd__nor2_1)
     1    0.00    0.10    0.05    8.64 v _23664_/Y (sky130_fd_sc_hd__nor2_1)
                                         _04906_ (net)
                  0.10    0.00    8.64 v C01[17]$_SDFF_PP0_/D (sky130_fd_sc_hd__dfxtp_1)
                                  8.64   data arrival time

                  0.00   10.00   10.00   clock clk (rise edge)
                          0.00   10.00   clock network delay (ideal)
                          0.00   10.00   clock reconvergence pessimism
                                 10.00 ^ C01[17]$_SDFF_PP0_/CLK (sky130_fd_sc_hd__dfxtp_1)
                         -0.15    9.85   library setup time
                                  9.85   data required time
-----------------------------------------------------------------------------
                                  9.85   data required time
                                 -8.64   data arrival time
-----------------------------------------------------------------------------
                                  1.22   slack (MET)



==========================================================================
global place report_power
--------------------------------------------------------------------------
Group                  Internal  Switching    Leakage      Total
                          Power      Power      Power      Power (Watts)
----------------------------------------------------------------
Sequential             2.69e-03   2.76e-04   2.52e-09   2.97e-03   2.4%
Combinational          5.14e-02   6.81e-02   7.03e-08   1.19e-01  97.6%
Clock                  0.00e+00   0.00e+00   0.00e+00   0.00e+00   0.0%
Macro                  0.00e+00   0.00e+00   0.00e+00   0.00e+00   0.0%
Pad                    0.00e+00   0.00e+00   0.00e+00   0.00e+00   0.0%
----------------------------------------------------------------
Total                  5.40e-02   6.84e-02   7.28e-08   1.22e-01 100.0%
                          44.1%      55.9%       0.0%
