
==========================================================================
global route report_tns
--------------------------------------------------------------------------
tns max 0.00

==========================================================================
global route report_wns
--------------------------------------------------------------------------
wns max 0.00

==========================================================================
global route report_worst_slack
--------------------------------------------------------------------------
worst slack max 1.61

==========================================================================
global route report_clock_min_period
--------------------------------------------------------------------------
clk period_min = 8.39 fmax = 119.13

==========================================================================
global route report_clock_skew
--------------------------------------------------------------------------
Clock clk
No launch/capture paths found.


==========================================================================
global route report_checks -path_delay min
--------------------------------------------------------------------------
Startpoint: rst (input port clocked by clk)
Endpoint: C32[18]$_SDFF_PP0_ (rising edge-triggered flip-flop clocked by clk)
Path Group: clk
Path Type: min

Fanout     Cap    Slew   Delay    Time   Description
-----------------------------------------------------------------------------
                          0.00    0.00   clock clk (rise edge)
                          0.00    0.00   clock network delay (propagated)
                          1.00    1.00 v input external delay
     1    0.01    0.00    0.00    1.00 v rst (in)
                                         rst (net)
                  0.00    0.00    1.00 v input273/A (sky130_fd_sc_hd__buf_8)
    46    0.27    0.18    0.20    1.20 v input273/X (sky130_fd_sc_hd__buf_8)
                                         net272 (net)
                  0.19    0.02    1.22 v _23932_/A (sky130_fd_sc_hd__nor2_1)
     1    0.00    0.08    0.15    1.37 ^ _23932_/Y (sky130_fd_sc_hd__nor2_1)
                                         _04965_ (net)
                  0.08    0.00    1.37 ^ C32[18]$_SDFF_PP0_/D (sky130_fd_sc_hd__dfxtp_1)
                                  1.37   data arrival time

                          0.00    0.00   clock clk (rise edge)
                          0.00    0.00   clock source latency
     2    0.11    0.00    0.00    0.00 ^ clk (in)
                                         clk (net)
                  0.01    0.00    0.00 ^ clkbuf_0_clk/A (sky130_fd_sc_hd__clkbuf_16)
     4    0.18    0.19    0.22    0.23 ^ clkbuf_0_clk/X (sky130_fd_sc_hd__clkbuf_16)
                                         clknet_0_clk (net)
                  0.19    0.01    0.24 ^ clkbuf_2_1_0_clk/A (sky130_fd_sc_hd__clkbuf_16)
    12    0.27    0.28    0.34    0.58 ^ clkbuf_2_1_0_clk/X (sky130_fd_sc_hd__clkbuf_16)
                                         clknet_2_1_0_clk (net)
                  0.28    0.01    0.59 ^ clkbuf_leaf_39_clk/A (sky130_fd_sc_hd__clkbuf_16)
     6    0.03    0.06    0.21    0.80 ^ clkbuf_leaf_39_clk/X (sky130_fd_sc_hd__clkbuf_16)
                                         clknet_leaf_39_clk (net)
                  0.06    0.00    0.80 ^ C32[18]$_SDFF_PP0_/CLK (sky130_fd_sc_hd__dfxtp_1)
                          0.00    0.80   clock reconvergence pessimism
                         -0.04    0.76   library hold time
                                  0.76   data required time
-----------------------------------------------------------------------------
                                  0.76   data required time
                                 -1.37   data arrival time
-----------------------------------------------------------------------------
                                  0.61   slack (MET)



==========================================================================
global route report_checks -path_delay max
--------------------------------------------------------------------------
Startpoint: A01[5] (input port clocked by clk)
Endpoint: C01[15]$_SDFF_PP0_ (rising edge-triggered flip-flop clocked by clk)
Path Group: clk
Path Type: max

Fanout     Cap    Slew   Delay    Time   Description
-----------------------------------------------------------------------------
                          0.00    0.00   clock clk (rise edge)
                          0.00    0.00   clock network delay (propagated)
                          1.00    1.00 v input external delay
     1    0.03    0.00    0.00    1.00 v A01[5] (in)
                                         A01[5] (net)
                  0.00    0.00    1.00 v input30/A (sky130_fd_sc_hd__clkdlybuf4s50_1)
    15    0.11    0.81    0.99    1.99 v input30/X (sky130_fd_sc_hd__clkdlybuf4s50_1)
                                         net29 (net)
                  0.81    0.00    1.99 v place980/A (sky130_fd_sc_hd__buf_4)
     7    0.03    0.07    0.44    2.43 v place980/X (sky130_fd_sc_hd__buf_4)
                                         net979 (net)
                  0.07    0.00    2.43 v place979/A (sky130_fd_sc_hd__buf_4)
    12    0.06    0.08    0.20    2.63 v place979/X (sky130_fd_sc_hd__buf_4)
                                         net978 (net)
                  0.08    0.01    2.64 v _18139_/A (sky130_fd_sc_hd__and2_1)
     1    0.01    0.06    0.17    2.82 v _18139_/X (sky130_fd_sc_hd__and2_1)
                                         _00271_ (net)
                  0.06    0.00    2.82 v _24415_/A (sky130_fd_sc_hd__fa_1)
     1    0.01    0.11    0.52    3.34 v _24415_/SUM (sky130_fd_sc_hd__fa_1)
                                         _08212_ (net)
                  0.11    0.00    3.34 v _25492_/A (sky130_fd_sc_hd__fa_1)
     1    0.01    0.10    0.59    3.93 ^ _25492_/SUM (sky130_fd_sc_hd__fa_1)
                                         _11383_ (net)
                  0.10    0.00    3.93 ^ _26964_/B (sky130_fd_sc_hd__fa_1)
     1    0.01    0.10    0.46    4.39 v _26964_/SUM (sky130_fd_sc_hd__fa_1)
                                         _13423_ (net)
                  0.10    0.00    4.39 v _26215_/B (sky130_fd_sc_hd__fa_1)
     1    0.01    0.11    0.52    4.91 v _26215_/SUM (sky130_fd_sc_hd__fa_1)
                                         _13425_ (net)
                  0.11    0.00    4.91 v _26743_/B (sky130_fd_sc_hd__fa_1)
     1    0.01    0.15    0.60    5.51 ^ _26743_/SUM (sky130_fd_sc_hd__fa_1)
                                         _14764_ (net)
                  0.15    0.00    5.51 ^ _27517_/B (sky130_fd_sc_hd__fa_1)
     1    0.01    0.12    0.48    5.99 v _27517_/SUM (sky130_fd_sc_hd__fa_1)
                                         _16146_ (net)
                  0.12    0.00    5.99 v _27602_/B (sky130_fd_sc_hd__fa_1)
     1    0.01    0.12    0.57    6.56 ^ _27602_/SUM (sky130_fd_sc_hd__fa_1)
                                         _16228_ (net)
                  0.12    0.00    6.57 ^ _27595_/B (sky130_fd_sc_hd__fa_1)
     1    0.01    0.10    0.45    7.02 v _27595_/SUM (sky130_fd_sc_hd__fa_1)
                                         _16230_ (net)
                  0.10    0.00    7.02 v _28383_/A (sky130_fd_sc_hd__ha_1)
     4    0.02    0.11    0.38    7.39 v _28383_/SUM (sky130_fd_sc_hd__ha_1)
                                         _03456_ (net)
                  0.11    0.00    7.40 v _23649_/A1 (sky130_fd_sc_hd__a21oi_1)
     4    0.01    0.32    0.30    7.70 ^ _23649_/Y (sky130_fd_sc_hd__a21oi_1)
                                         _05838_ (net)
                  0.32    0.00    7.70 ^ _23651_/B1 (sky130_fd_sc_hd__o211ai_1)
     3    0.01    0.18    0.24    7.94 v _23651_/Y (sky130_fd_sc_hd__o211ai_1)
                                         _05840_ (net)
                  0.18    0.00    7.94 v _23653_/A1 (sky130_fd_sc_hd__a2111oi_2)
     2    0.01    0.39    0.43    8.37 ^ _23653_/Y (sky130_fd_sc_hd__a2111oi_2)
                                         _05842_ (net)
                  0.39    0.00    8.37 ^ _23659_/A1 (sky130_fd_sc_hd__o31ai_1)
     2    0.01    0.13    0.20    8.57 v _23659_/Y (sky130_fd_sc_hd__o31ai_1)
                                         _05848_ (net)
                  0.13    0.00    8.57 v _23681_/A2 (sky130_fd_sc_hd__a21oi_1)
     1    0.01    0.19    0.24    8.81 ^ _23681_/Y (sky130_fd_sc_hd__a21oi_1)
                                         _05868_ (net)
                  0.19    0.00    8.81 ^ _23682_/B (sky130_fd_sc_hd__xor2_1)
     1    0.00    0.15    0.19    9.00 ^ _23682_/X (sky130_fd_sc_hd__xor2_1)
                                         _05869_ (net)
                  0.15    0.00    9.00 ^ _23683_/B (sky130_fd_sc_hd__nor2_1)
     1    0.00    0.12    0.06    9.06 v _23683_/Y (sky130_fd_sc_hd__nor2_1)
                                         _04908_ (net)
                  0.12    0.00    9.06 v C01[15]$_SDFF_PP0_/D (sky130_fd_sc_hd__dfxtp_1)
                                  9.06   data arrival time

                         10.00   10.00   clock clk (rise edge)
                          0.00   10.00   clock source latency
     2    0.11    0.00    0.00   10.00 ^ clk (in)
                                         clk (net)
                  0.01    0.00   10.00 ^ clkbuf_0_clk/A (sky130_fd_sc_hd__clkbuf_16)
     4    0.18    0.19    0.22   10.23 ^ clkbuf_0_clk/X (sky130_fd_sc_hd__clkbuf_16)
                                         clknet_0_clk (net)
                  0.19    0.01   10.24 ^ clkbuf_2_3_0_clk/A (sky130_fd_sc_hd__clkbuf_16)
    11    0.26    0.27    0.34   10.57 ^ clkbuf_2_3_0_clk/X (sky130_fd_sc_hd__clkbuf_16)
                                         clknet_2_3_0_clk (net)
                  0.27    0.01   10.58 ^ clkbuf_leaf_17_clk/A (sky130_fd_sc_hd__clkbuf_16)
    12    0.04    0.07    0.22   10.80 ^ clkbuf_leaf_17_clk/X (sky130_fd_sc_hd__clkbuf_16)
                                         clknet_leaf_17_clk (net)
                  0.07    0.00   10.80 ^ C01[15]$_SDFF_PP0_/CLK (sky130_fd_sc_hd__dfxtp_1)
                          0.00   10.80   clock reconvergence pessimism
                         -0.14   10.66   library setup time
                                 10.66   data required time
-----------------------------------------------------------------------------
                                 10.66   data required time
                                 -9.06   data arrival time
-----------------------------------------------------------------------------
                                  1.61   slack (MET)



==========================================================================
global route report_checks -unconstrained
--------------------------------------------------------------------------
Startpoint: A01[5] (input port clocked by clk)
Endpoint: C01[15]$_SDFF_PP0_ (rising edge-triggered flip-flop clocked by clk)
Path Group: clk
Path Type: max

Fanout     Cap    Slew   Delay    Time   Description
-----------------------------------------------------------------------------
                          0.00    0.00   clock clk (rise edge)
                          0.00    0.00   clock network delay (propagated)
                          1.00    1.00 v input external delay
     1    0.03    0.00    0.00    1.00 v A01[5] (in)
                                         A01[5] (net)
                  0.00    0.00    1.00 v input30/A (sky130_fd_sc_hd__clkdlybuf4s50_1)
    15    0.11    0.81    0.99    1.99 v input30/X (sky130_fd_sc_hd__clkdlybuf4s50_1)
                                         net29 (net)
                  0.81    0.00    1.99 v place980/A (sky130_fd_sc_hd__buf_4)
     7    0.03    0.07    0.44    2.43 v place980/X (sky130_fd_sc_hd__buf_4)
                                         net979 (net)
                  0.07    0.00    2.43 v place979/A (sky130_fd_sc_hd__buf_4)
    12    0.06    0.08    0.20    2.63 v place979/X (sky130_fd_sc_hd__buf_4)
                                         net978 (net)
                  0.08    0.01    2.64 v _18139_/A (sky130_fd_sc_hd__and2_1)
     1    0.01    0.06    0.17    2.82 v _18139_/X (sky130_fd_sc_hd__and2_1)
                                         _00271_ (net)
                  0.06    0.00    2.82 v _24415_/A (sky130_fd_sc_hd__fa_1)
     1    0.01    0.11    0.52    3.34 v _24415_/SUM (sky130_fd_sc_hd__fa_1)
                                         _08212_ (net)
                  0.11    0.00    3.34 v _25492_/A (sky130_fd_sc_hd__fa_1)
     1    0.01    0.10    0.59    3.93 ^ _25492_/SUM (sky130_fd_sc_hd__fa_1)
                                         _11383_ (net)
                  0.10    0.00    3.93 ^ _26964_/B (sky130_fd_sc_hd__fa_1)
     1    0.01    0.10    0.46    4.39 v _26964_/SUM (sky130_fd_sc_hd__fa_1)
                                         _13423_ (net)
                  0.10    0.00    4.39 v _26215_/B (sky130_fd_sc_hd__fa_1)
     1    0.01    0.11    0.52    4.91 v _26215_/SUM (sky130_fd_sc_hd__fa_1)
                                         _13425_ (net)
                  0.11    0.00    4.91 v _26743_/B (sky130_fd_sc_hd__fa_1)
     1    0.01    0.15    0.60    5.51 ^ _26743_/SUM (sky130_fd_sc_hd__fa_1)
                                         _14764_ (net)
                  0.15    0.00    5.51 ^ _27517_/B (sky130_fd_sc_hd__fa_1)
     1    0.01    0.12    0.48    5.99 v _27517_/SUM (sky130_fd_sc_hd__fa_1)
                                         _16146_ (net)
                  0.12    0.00    5.99 v _27602_/B (sky130_fd_sc_hd__fa_1)
     1    0.01    0.12    0.57    6.56 ^ _27602_/SUM (sky130_fd_sc_hd__fa_1)
                                         _16228_ (net)
                  0.12    0.00    6.57 ^ _27595_/B (sky130_fd_sc_hd__fa_1)
     1    0.01    0.10    0.45    7.02 v _27595_/SUM (sky130_fd_sc_hd__fa_1)
                                         _16230_ (net)
                  0.10    0.00    7.02 v _28383_/A (sky130_fd_sc_hd__ha_1)
     4    0.02    0.11    0.38    7.39 v _28383_/SUM (sky130_fd_sc_hd__ha_1)
                                         _03456_ (net)
                  0.11    0.00    7.40 v _23649_/A1 (sky130_fd_sc_hd__a21oi_1)
     4    0.01    0.32    0.30    7.70 ^ _23649_/Y (sky130_fd_sc_hd__a21oi_1)
                                         _05838_ (net)
                  0.32    0.00    7.70 ^ _23651_/B1 (sky130_fd_sc_hd__o211ai_1)
     3    0.01    0.18    0.24    7.94 v _23651_/Y (sky130_fd_sc_hd__o211ai_1)
                                         _05840_ (net)
                  0.18    0.00    7.94 v _23653_/A1 (sky130_fd_sc_hd__a2111oi_2)
     2    0.01    0.39    0.43    8.37 ^ _23653_/Y (sky130_fd_sc_hd__a2111oi_2)
                                         _05842_ (net)
                  0.39    0.00    8.37 ^ _23659_/A1 (sky130_fd_sc_hd__o31ai_1)
     2    0.01    0.13    0.20    8.57 v _23659_/Y (sky130_fd_sc_hd__o31ai_1)
                                         _05848_ (net)
                  0.13    0.00    8.57 v _23681_/A2 (sky130_fd_sc_hd__a21oi_1)
     1    0.01    0.19    0.24    8.81 ^ _23681_/Y (sky130_fd_sc_hd__a21oi_1)
                                         _05868_ (net)
                  0.19    0.00    8.81 ^ _23682_/B (sky130_fd_sc_hd__xor2_1)
     1    0.00    0.15    0.19    9.00 ^ _23682_/X (sky130_fd_sc_hd__xor2_1)
                                         _05869_ (net)
                  0.15    0.00    9.00 ^ _23683_/B (sky130_fd_sc_hd__nor2_1)
     1    0.00    0.12    0.06    9.06 v _23683_/Y (sky130_fd_sc_hd__nor2_1)
                                         _04908_ (net)
                  0.12    0.00    9.06 v C01[15]$_SDFF_PP0_/D (sky130_fd_sc_hd__dfxtp_1)
                                  9.06   data arrival time

                         10.00   10.00   clock clk (rise edge)
                          0.00   10.00   clock source latency
     2    0.11    0.00    0.00   10.00 ^ clk (in)
                                         clk (net)
                  0.01    0.00   10.00 ^ clkbuf_0_clk/A (sky130_fd_sc_hd__clkbuf_16)
     4    0.18    0.19    0.22   10.23 ^ clkbuf_0_clk/X (sky130_fd_sc_hd__clkbuf_16)
                                         clknet_0_clk (net)
                  0.19    0.01   10.24 ^ clkbuf_2_3_0_clk/A (sky130_fd_sc_hd__clkbuf_16)
    11    0.26    0.27    0.34   10.57 ^ clkbuf_2_3_0_clk/X (sky130_fd_sc_hd__clkbuf_16)
                                         clknet_2_3_0_clk (net)
                  0.27    0.01   10.58 ^ clkbuf_leaf_17_clk/A (sky130_fd_sc_hd__clkbuf_16)
    12    0.04    0.07    0.22   10.80 ^ clkbuf_leaf_17_clk/X (sky130_fd_sc_hd__clkbuf_16)
                                         clknet_leaf_17_clk (net)
                  0.07    0.00   10.80 ^ C01[15]$_SDFF_PP0_/CLK (sky130_fd_sc_hd__dfxtp_1)
                          0.00   10.80   clock reconvergence pessimism
                         -0.14   10.66   library setup time
                                 10.66   data required time
-----------------------------------------------------------------------------
                                 10.66   data required time
                                 -9.06   data arrival time
-----------------------------------------------------------------------------
                                  1.61   slack (MET)



==========================================================================
global route report_check_types -max_slew -max_cap -max_fanout -violators
--------------------------------------------------------------------------

==========================================================================
global route max_slew_check_slack
--------------------------------------------------------------------------
0.2577008605003357

==========================================================================
global route max_slew_check_limit
--------------------------------------------------------------------------
1.49691903591156

==========================================================================
global route max_slew_check_slack_limit
--------------------------------------------------------------------------
0.1722

==========================================================================
global route max_fanout_check_slack
--------------------------------------------------------------------------
1.0000000150474662e+30

==========================================================================
global route max_fanout_check_limit
--------------------------------------------------------------------------
1.0000000150474662e+30

==========================================================================
global route max_capacitance_check_slack
--------------------------------------------------------------------------
0.013879716396331787

==========================================================================
global route max_capacitance_check_limit
--------------------------------------------------------------------------
0.021067000925540924

==========================================================================
global route max_capacitance_check_slack_limit
--------------------------------------------------------------------------
0.6588

==========================================================================
global route max_slew_violation_count
--------------------------------------------------------------------------
max slew violation count 0

==========================================================================
global route max_fanout_violation_count
--------------------------------------------------------------------------
max fanout violation count 0

==========================================================================
global route max_cap_violation_count
--------------------------------------------------------------------------
max cap violation count 0

==========================================================================
global route setup_violation_count
--------------------------------------------------------------------------
setup violation count 0

==========================================================================
global route hold_violation_count
--------------------------------------------------------------------------
hold violation count 0

==========================================================================
global route report_checks -path_delay max reg to reg
--------------------------------------------------------------------------
No paths found.

==========================================================================
global route report_checks -path_delay min reg to reg
--------------------------------------------------------------------------
No paths found.

==========================================================================
global route critical path target clock latency max path
--------------------------------------------------------------------------
0.7993

==========================================================================
global route critical path target clock latency min path
--------------------------------------------------------------------------
0.7997

==========================================================================
global route critical path source clock latency min path
--------------------------------------------------------------------------
0.0000

==========================================================================
global route critical path delay
--------------------------------------------------------------------------
9.0562

==========================================================================
global route critical path slack
--------------------------------------------------------------------------
1.6056

==========================================================================
global route slack div critical path delay
--------------------------------------------------------------------------
17.729290

==========================================================================
global route report_power
--------------------------------------------------------------------------
Group                  Internal  Switching    Leakage      Total
                          Power      Power      Power      Power (Watts)
----------------------------------------------------------------
Sequential             2.67e-03   3.22e-04   2.52e-09   2.99e-03   2.1%
Combinational          5.36e-02   8.13e-02   7.03e-08   1.35e-01  96.4%
Clock                  1.14e-03   9.29e-04   8.24e-10   2.07e-03   1.5%
Macro                  0.00e+00   0.00e+00   0.00e+00   0.00e+00   0.0%
Pad                    0.00e+00   0.00e+00   0.00e+00   0.00e+00   0.0%
----------------------------------------------------------------
Total                  5.74e-02   8.25e-02   7.36e-08   1.40e-01 100.0%
                          41.0%      59.0%       0.0%
